<?xml version="1.0" encoding="UTF-8"?>
<!-- Generated by org.testng.reporters.JUnitXMLReporter -->
<testsuite ignored="0" hostname="Admin" failures="0" tests="7" name="mytests" time="15.33" errors="0" timestamp="2024-05-29T17:40:47 IST">
  <testcase classname="day42.OrangeHRMTest" name="openApp" time="10.592"/>
  <testcase classname="day42.OrangeHRMTest" name="testLogo" time="3.049"/>
  <testcase classname="day42.OrangeHRMTest" name="testLogin" time="1.478"/>
  <testcase classname="day42.OrangeHRMTest" name="testLogout" time="0.164"/>
  <testcase classname="day42.FirstTestCase" name="openApp" time="0.001"/>
  <testcase classname="day42.FirstTestCase" name="logout" time="0.001"/>
  <testcase classname="day42.FirstTestCase" name="login" time="0.002"/>
</testsuite> <!-- mytests -->
