<?xml version="1.0" encoding="UTF-8"?>
<!-- Generated by org.testng.reporters.JUnitXMLReporter -->
<testsuite ignored="6" hostname="Admin" failures="0" tests="2" name="groupingtests" time="0.041" errors="0" timestamp="2024-05-30T17:52:03 IST">
  <testcase classname="day44.PaymentTests" name="paymentInRupees" time="0.008"/>
  <testcase classname="day44.PaymentTests" name="paymentInDollars" time="0.001"/>
  <testcase classname="day44.LoginTests" name="loginByFacebook" time="0.0">
    <ignored/>
  </testcase> <!-- loginByFacebook -->
  <testcase classname="day44.SignupTests" name="signupbyTwitter" time="0.0">
    <ignored/>
  </testcase> <!-- signupbyTwitter -->
  <testcase classname="day44.LoginTests" name="loginByEmail" time="0.0">
    <ignored/>
  </testcase> <!-- loginByEmail -->
  <testcase classname="day44.LoginTests" name="loginByTwitter" time="0.0">
    <ignored/>
  </testcase> <!-- loginByTwitter -->
  <testcase classname="day44.SignupTests" name="signbyEmail" time="0.0">
    <ignored/>
  </testcase> <!-- signbyEmail -->
  <testcase classname="day44.SignupTests" name="signupbyFacebook" time="0.0">
    <ignored/>
  </testcase> <!-- signupbyFacebook -->
</testsuite> <!-- groupingtests -->
