<?xml version="1.0" encoding="UTF-8"?>
<testng-results ignored="0" total="1" passed="1" failed="0" skipped="0">
  <reporter-output>
  </reporter-output>
  <suite started-at="2024-05-31T18:13:11 IST" name="Default suite" finished-at="2024-05-31T18:13:25 IST" duration-ms="13893">
    <groups>
    </groups>
    <test started-at="2024-05-31T18:13:11 IST" name="Default test" finished-at="2024-05-31T18:13:25 IST" duration-ms="13893">
      <class name="day47.LoginTest">
        <test-method is-config="true" signature="setup()[pri:0, instance:day47.LoginTest@6d763516]" started-at="2024-05-31T18:13:11 IST" name="setup" finished-at="2024-05-31T18:13:23 IST" duration-ms="12061" status="PASS">
          <reporter-output>
          </reporter-output>
        </test-method> <!-- setup -->
        <test-method signature="testLogin()[pri:0, instance:day47.LoginTest@6d763516]" started-at="2024-05-31T18:13:23 IST" name="testLogin" finished-at="2024-05-31T18:13:25 IST" duration-ms="1693" status="PASS">
          <reporter-output>
          </reporter-output>
        </test-method> <!-- testLogin -->
        <test-method is-config="true" signature="tearDown()[pri:0, instance:day47.LoginTest@6d763516]" started-at="2024-05-31T18:13:25 IST" name="tearDown" finished-at="2024-05-31T18:13:25 IST" duration-ms="114" status="PASS">
          <reporter-output>
          </reporter-output>
        </test-method> <!-- tearDown -->
      </class> <!-- day47.LoginTest -->
    </test> <!-- Default test -->
  </suite> <!-- Default suite -->
</testng-results>
